This is pdfTeX, Version 3.14159265-2.6-1.40.17 (TeX Live 2016) (preloaded format=pdflatex 2017.3.3)  27 APR 2017 20:53
entering extended mode
 restricted \write18 enabled.
 file:line:error style messages enabled.
 %&-line parsing enabled.
**sumstats.tex
(./sumstats.tex
LaTeX2e <2016/03/31>
Babel <3.9r> and hyphenation patterns for 83 language(s) loaded.

./sumstats.tex:4: LaTeX Error: Environment table undefined.

See the LaTeX manual or LaTeX Companion for explanation.
Type  H <return>  for immediate help.
 ...                                              
                                                  
l.4 \begin{table}
                 [!htbp] \centering
? 
./sumstats.tex:4: Emergency stop.
 ...                                              
                                                  
l.4 \begin{table}
                 [!htbp] \centering
Your command was ignored.
Type  I <command> <return>  to replace it with another command,
or  <return>  to continue without it.

 
Here is how much of TeX's memory you used:
 7 strings out of 493014
 272 string characters out of 6133352
 53601 words of memory out of 5000000
 3649 multiletter control sequences out of 15000+600000
 3640 words of font info for 14 fonts, out of 8000000 for 9000
 1141 hyphenation exceptions out of 8191
 5i,0n,4p,120b,16s stack positions out of 5000i,500n,10000p,200000b,80000s
./sumstats.tex:4:  ==> Fatal error occurred, no output PDF file produced!
